2024-10-26 13:16:08,160 - ERROR - Error sent to user 728438182: 🚫 Произошла ошибка при получении данных. Проверьте ссылку и попробуйте снова.
2024-10-26 13:34:47,539 - ERROR - Error sent to user 728438182: 🚫 Произошла ошибка при получении данных. Проверьте ссылку и попробуйте снова.
2024-10-26 13:58:39,286 - ERROR - Error sent to user 728438182: 🚫 Произошла ошибка при получении данных. Проверьте ссылку и попробуйте снова.
2024-10-26 14:00:34,355 - ERROR - Error sent to user 728438182: 🚫 Произошла ошибка при получении данных. Проверьте ссылку и попробуйте снова.
2024-10-26 14:02:46,706 - ERROR - Error sent to user 728438182: 🚫 Произошла ошибка при получении данных. Проверьте ссылку и попробуйте снова.
2024-10-26 14:03:42,004 - ERROR - Error sent to user 728438182: 🚫 Произошла ошибка при получении данных. Проверьте ссылку и попробуйте снова.
2024-10-26 14:06:32,934 - ERROR - Error sent to user 728438182: 🚫 Произошла ошибка при получении данных. Проверьте ссылку и попробуйте снова.
2024-10-26 14:09:41,665 - ERROR - Error sent to user 728438182: 🚫 Произошла ошибка при получении данных. Проверьте ссылку и попробуйте снова.
2024-10-26 14:16:34,738 - ERROR - Error sent to user 728438182: 🚫 Произошла ошибка при получении данных. Проверьте ссылку и попробуйте снова.
2024-10-26 14:17:23,910 - ERROR - Error sent to user 728438182: 🚫 Произошла ошибка при получении данных. Проверьте ссылку и попробуйте снова.
2024-10-27 14:13:26,974 - WARNING - Element product_left not found: Message: no such element: Unable to locate element: {"method":"css selector","selector":".product_left"}
  (Session info: chrome=130.0.6723.70); For documentation on this error, please visit: https://www.selenium.dev/documentation/webdriver/troubleshooting/errors#no-such-element-exception
Stacktrace:
0   chromedriver                        0x0000000104e5c248 cxxbridge1$str$ptr + 1907280
1   chromedriver                        0x0000000104e54730 cxxbridge1$str$ptr + 1875768
2   chromedriver                        0x0000000104a68260 cxxbridge1$string$len + 89488
3   chromedriver                        0x0000000104aac50c cxxbridge1$string$len + 368700
4   chromedriver                        0x0000000104ae67d0 cxxbridge1$string$len + 606976
5   chromedriver                        0x0000000104aa112c cxxbridge1$string$len + 322652
6   chromedriver                        0x0000000104aa1d7c cxxbridge1$string$len + 325804
7   chromedriver                        0x0000000104e244d8 cxxbridge1$str$ptr + 1678560
8   chromedriver                        0x0000000104e28e40 cxxbridge1$str$ptr + 1697352
9   chromedriver                        0x0000000104e095ec cxxbridge1$str$ptr + 1568244
10  chromedriver                        0x0000000104e29710 cxxbridge1$str$ptr + 1699608
11  chromedriver                        0x0000000104dfab90 cxxbridge1$str$ptr + 1508248
12  chromedriver                        0x0000000104e45828 cxxbridge1$str$ptr + 1814576
13  chromedriver                        0x0000000104e45980 cxxbridge1$str$ptr + 1814920
14  chromedriver                        0x0000000104e543d0 cxxbridge1$str$ptr + 1874904
15  libsystem_pthread.dylib             0x000000019914df94 _pthread_start + 136
16  libsystem_pthread.dylib             0x0000000199148d34 thread_start + 8
. Trying gallery_photo.
2024-10-27 14:13:27,011 - ERROR - Could not extract car details: list index out of range
2024-10-27 14:13:29,477 - ERROR - Error sent to user 728438182: 🚫 Не удалось получить информацию о машине.
2024-10-27 14:23:36,701 - ERROR - Error sent to user 728438182: 🚫 Произошла ошибка при получении данных. Проверьте ссылку и попробуйте снова.
